[2023-11-04 19:53:56,300] 25 - root - INFO - Initiating data ingestion
[2023-11-04 19:53:56,490] 30 - root - INFO - Dataset read as pandas DataFrame
[2023-11-04 19:53:58,381] 34 - root - INFO - Train test split
[2023-11-04 19:53:59,348] 38 - root - INFO - Train test split completed
[2023-11-04 19:53:59,595] 85 - root - INFO - Data Transformation: Data read successfully
[2023-11-04 19:53:59,610] 86 - root - INFO - Train DataFrame Head: 
        id  carat      cut color clarity  depth  table     x     y     z  price
0   83475   0.32  Premium     E     SI1   61.6   58.0  4.38  4.41  2.71    614
1  160324   1.20  Premium     F     VS2   62.6   57.0  6.81  6.76  4.25   7002
2  101740   1.50    Ideal     I     VS2   62.2   55.0  7.30  7.26  4.53   9347
3  180341   1.67  Premium     I     SI2   61.9   59.0  7.65  7.61  4.71   8525
4   48480   1.00     Good     H     VS2   63.7   60.0  6.34  6.30  4.02   5217
[2023-11-04 19:53:59,613] 87 - root - INFO - Test DataFrame Head: 
        id  carat        cut color clarity  depth  table     x     y     z  price
0   14868   0.50      Ideal     D     SI1   62.1   57.0  5.05  5.08  3.14   1355
1  165613   2.00  Very Good     G     SI2   59.5   57.0  8.08  8.15  4.89  14691
2   96727   0.27    Premium     E    VVS1   60.5   59.0  4.19  4.16  2.52    844
3  145593   0.32    Premium     I    VVS1   61.2   59.0  4.43  4.44  2.71    707
4  118689   1.19      Ideal     H     SI1   62.5   56.0  6.77  6.81  4.23   5797
[2023-11-04 19:53:59,613] 89 - root - INFO - Obtaining the preprocessing object
[2023-11-04 19:53:59,614] 30 - root - INFO - Data Transformation started
[2023-11-04 19:53:59,614] 40 - root - INFO - Data Transformation: Creating pipeline
[2023-11-04 19:53:59,919] 106 - root - INFO - Data Transformation: Splitting the data into input and target features
[2023-11-04 19:53:59,933] 16 - root - INFO - Object saved successfully
[2023-11-04 19:53:59,933] 117 - root - INFO - Data Transformation: Preprocessing pickle saved successfully
[2023-11-04 19:53:59,937] 28 - root - INFO - Initiating model training
[2023-11-04 19:57:10,085] 51 - root - INFO - Model Report: {'LinearRegression': 0.9372975155452961, 'Lasso': 0.9372637996466201, 'Ridge': 0.9372968620700984, 'Elasticnet': 0.8540772247198525, 'AdaBoostRegressor': 0.8611802027587225, 'RandomForestRegressor': 0.9771773566957728, 'DecisionTreeRegressor': 0.9568832610923927, 'GradientBoostingRegressor': 0.9761342800173659, 'XGBRegressor': 0.9787904894720847}
[2023-11-04 19:57:10,087] 61 - root - INFO - Best Model Found , Model Name : XGBRegressor , R2 Score : 0.9787904894720847
[2023-11-04 19:57:10,093] 16 - root - INFO - Object saved successfully
[2023-11-04 19:57:10,093] 68 - root - INFO - Model Training Completed Successfully
